10:48:49.207 INF hub: Listening on 127.0.0.1:5000
10:48:49.207 INF ref-3: listening on 127.0.0.1:5003
10:48:49.207 INF ref-2: listening on 127.0.0.1:5002
10:48:49.207 INF ref-1: listening on 127.0.0.1:5001
10:48:49.209 INF hub: Received registration from ref-3
10:48:49.209 INF hub: Received registration from ref-2
10:48:49.209 INF hub: Received registration from ref-1
10:48:54.227 INF hub: Received registration from shoot-1
10:48:54.227 INF hub: Received registration from shoot-3
10:48:54.227 INF hub: Received registration from shoot-2
10:48:56.561 INF ref-1: Starting system sys-1 ...
10:48:56.561 INF                     ref-2: Starting system sys-1 ...
10:48:56.562 INF                                         ref-3: Starting system sys-1 ...
10:48:59.423 INF sys-1/ref-2/EPFD: Increased timeout to 0.20 seconds
10:49:01.634 INF sys-1/ref-3/EPFD: Increased timeout to 0.20 seconds
10:49:02.638 INF sys-1/ref-3/EPFD: Increased timeout to 0.30 seconds
10:49:02.638 INF sys-1/ref-1/EPFD: Increased timeout to 0.20 seconds
10:49:03.836 INF sys-1/ref-2/EPFD: Increased timeout to 0.30 seconds
10:49:05.340 INF sys-1/ref-2/EPFD: Increased timeout to 0.40 seconds
10:49:06.862 INF sys-1/ref-1/EPFD: Increased timeout to 0.30 seconds
10:49:08.063 INF sys-1/ref-1/EPFD: Increased timeout to 0.40 seconds
10:49:10.868 ERR sys-1/ref-1: Failed to send NETWORK_MESSAGE to shoot-2
10:49:10.951 ERR                     sys-1/ref-2: Failed to send NETWORK_MESSAGE to shoot-2
10:49:11.070 ERR                                         sys-1/ref-3: Failed to send NETWORK_MESSAGE to shoot-2
10:49:11.268 ERR sys-1/ref-1: Failed to send NETWORK_MESSAGE to shoot-2
10:49:11.351 ERR                     sys-1/ref-2: Failed to send NETWORK_MESSAGE to shoot-2
10:49:11.370 ERR                                         sys-1/ref-3: Failed to send NETWORK_MESSAGE to shoot-2
10:49:11.669 ERR sys-1/ref-1: Failed to send NETWORK_MESSAGE to shoot-2
10:49:11.670 ERR                                         sys-1/ref-3: Failed to send NETWORK_MESSAGE to shoot-2
10:49:11.752 ERR                     sys-1/ref-2: Failed to send NETWORK_MESSAGE to shoot-2
10:49:11.971 ERR                                         sys-1/ref-3: Failed to send NETWORK_MESSAGE to shoot-1
10:49:11.971 ERR                                         sys-1/ref-3: Failed to send NETWORK_MESSAGE to shoot-2
10:49:11.972 ERR                                         sys-1/ref-3: Failed to send NETWORK_MESSAGE to shoot-3
10:49:12.069 ERR sys-1/ref-1: Failed to send NETWORK_MESSAGE to shoot-1
10:49:12.069 ERR sys-1/ref-1: Failed to send NETWORK_MESSAGE to shoot-2
10:49:12.070 ERR sys-1/ref-1: Failed to send NETWORK_MESSAGE to shoot-3
10:49:12.152 ERR                     sys-1/ref-2: Failed to send NETWORK_MESSAGE to shoot-1
10:49:12.152 ERR                     sys-1/ref-2: Failed to send NETWORK_MESSAGE to shoot-2
10:49:12.153 ERR                     sys-1/ref-2: Failed to send NETWORK_MESSAGE to shoot-3
10:49:12.271 ERR                                         sys-1/ref-3: Failed to send NETWORK_MESSAGE to shoot-1
10:49:12.272 ERR                                         sys-1/ref-3: Failed to send NETWORK_MESSAGE to shoot-2
10:49:12.272 ERR                                         sys-1/ref-3: Failed to send NETWORK_MESSAGE to shoot-3
10:49:12.272 ERR                                         sys-1/ref-3: Failed to send NETWORK_MESSAGE to shoot-1
10:49:12.272 ERR                                         sys-1/ref-3: Failed to send NETWORK_MESSAGE to shoot-2
10:49:12.273 ERR                                         sys-1/ref-3: Failed to send NETWORK_MESSAGE to shoot-3
10:49:12.273 ERR                                         sys-1/ref-3: Failed to send NETWORK_MESSAGE to shoot-1
10:49:12.273 ERR                                         sys-1/ref-3: Failed to send NETWORK_MESSAGE to shoot-2
10:49:12.274 ERR                                         sys-1/ref-3: Failed to send NETWORK_MESSAGE to shoot-3
10:49:12.274 ERR                                         sys-1/ref-3: Failed to send NETWORK_MESSAGE to shoot-3
10:49:12.274 ERR                                         sys-1/ref-3: Failed to send NETWORK_MESSAGE to shoot-1
10:49:12.274 ERR                                         sys-1/ref-3: Failed to send NETWORK_MESSAGE to shoot-2
10:49:12.274 ERR                                         sys-1/ref-3: Failed to send NETWORK_MESSAGE to shoot-2
10:49:12.274 ERR                                         sys-1/ref-3: Failed to send NETWORK_MESSAGE to shoot-3
10:49:12.275 ERR                                         sys-1/ref-3: Failed to send NETWORK_MESSAGE to shoot-1
10:49:12.275 ERR                                         sys-1/ref-3: Failed to send NETWORK_MESSAGE to shoot-3
10:49:12.275 ERR                                         sys-1/ref-3: Failed to send NETWORK_MESSAGE to shoot-1
10:49:12.275 ERR                                         sys-1/ref-3: Failed to send NETWORK_MESSAGE to shoot-2
10:49:12.275 ERR                                         sys-1/ref-3: Failed to send NETWORK_MESSAGE to shoot-2
10:49:12.275 ERR                                         sys-1/ref-3: Failed to send NETWORK_MESSAGE to shoot-3
10:49:12.275 ERR                                         sys-1/ref-3: Failed to send NETWORK_MESSAGE to shoot-1
10:49:12.276 ERR                                         sys-1/ref-3: Failed to send NETWORK_MESSAGE to shoot-1
10:49:12.276 ERR                                         sys-1/ref-3: Failed to send NETWORK_MESSAGE to shoot-2
10:49:12.276 ERR                                         sys-1/ref-3: Failed to send NETWORK_MESSAGE to shoot-3
10:49:12.276 ERR                                         sys-1/ref-3: Failed to send NETWORK_MESSAGE to shoot-1
10:49:12.276 ERR                                         sys-1/ref-3: Failed to send NETWORK_MESSAGE to shoot-2
10:49:12.276 ERR                                         sys-1/ref-3: Failed to send NETWORK_MESSAGE to shoot-3
10:49:12.277 ERR                                         sys-1/ref-3: Failed to send NETWORK_MESSAGE to shoot-3
10:49:12.277 ERR                                         sys-1/ref-3: Failed to send NETWORK_MESSAGE to shoot-1
10:49:12.277 ERR                                         sys-1/ref-3: Failed to send NETWORK_MESSAGE to shoot-2
10:49:12.278 ERR                                         sys-1/ref-3: Failed to send NETWORK_MESSAGE to shoot-3
10:49:12.278 ERR                                         sys-1/ref-3: Failed to send NETWORK_MESSAGE to shoot-1
10:49:12.278 ERR                                         sys-1/ref-3: Failed to send NETWORK_MESSAGE to shoot-2
10:49:12.278 ERR                                         sys-1/ref-3: Failed to send NETWORK_MESSAGE to shoot-2
10:49:12.279 ERR                                         sys-1/ref-3: Failed to send NETWORK_MESSAGE to shoot-3
10:49:12.279 ERR                                         sys-1/ref-3: Failed to send NETWORK_MESSAGE to shoot-1
10:49:12.279 ERR                                         sys-1/ref-3: Failed to send NETWORK_MESSAGE to shoot-1
10:49:12.279 ERR                                         sys-1/ref-3: Failed to send NETWORK_MESSAGE to shoot-2
10:49:12.279 ERR                                         sys-1/ref-3: Failed to send NETWORK_MESSAGE to shoot-3
10:49:12.280 ERR                                         sys-1/ref-3: Failed to send NETWORK_MESSAGE to shoot-1
10:49:12.280 ERR                                         sys-1/ref-3: Failed to send NETWORK_MESSAGE to shoot-2
10:49:12.280 ERR                                         sys-1/ref-3: Failed to send NETWORK_MESSAGE to shoot-3
10:49:12.280 ERR                                         sys-1/ref-3: Failed to send NETWORK_MESSAGE to shoot-1
10:49:12.280 ERR                                         sys-1/ref-3: Failed to send NETWORK_MESSAGE to shoot-2
10:49:12.281 ERR                                         sys-1/ref-3: Failed to send NETWORK_MESSAGE to shoot-3
10:49:12.281 ERR                                         sys-1/ref-3: Failed to send NETWORK_MESSAGE to shoot-2
10:49:12.281 ERR                                         sys-1/ref-3: Failed to send NETWORK_MESSAGE to shoot-3
10:49:12.281 ERR                                         sys-1/ref-3: Failed to send NETWORK_MESSAGE to shoot-1
10:49:12.281 ERR                                         sys-1/ref-3: Failed to send NETWORK_MESSAGE to shoot-1
10:49:12.282 ERR                                         sys-1/ref-3: Failed to send NETWORK_MESSAGE to shoot-2
10:49:12.282 ERR                                         sys-1/ref-3: Failed to send NETWORK_MESSAGE to shoot-3
10:49:12.282 ERR                                         sys-1/ref-3: Failed to send NETWORK_MESSAGE to shoot-2
10:49:12.282 ERR                                         sys-1/ref-3: Failed to send NETWORK_MESSAGE to shoot-3
10:49:12.282 ERR                                         sys-1/ref-3: Failed to send NETWORK_MESSAGE to shoot-1
10:49:12.283 ERR                                         sys-1/ref-3: Failed to send NETWORK_MESSAGE to shoot-1
10:49:12.284 ERR                                         sys-1/ref-3: Failed to send NETWORK_MESSAGE to shoot-2
10:49:12.284 ERR                                         sys-1/ref-3: Failed to send NETWORK_MESSAGE to shoot-3
10:49:12.284 ERR                                         sys-1/ref-3: Failed to send NETWORK_MESSAGE to shoot-1
10:49:12.284 ERR                                         sys-1/ref-3: Failed to send NETWORK_MESSAGE to shoot-2
10:49:12.285 ERR                                         sys-1/ref-3: Failed to send NETWORK_MESSAGE to shoot-3
10:49:12.285 ERR                                         sys-1/ref-3: Failed to send NETWORK_MESSAGE to shoot-3
10:49:12.285 ERR                                         sys-1/ref-3: Failed to send NETWORK_MESSAGE to shoot-1
10:49:12.285 ERR                                         sys-1/ref-3: Failed to send NETWORK_MESSAGE to shoot-2
10:49:12.285 ERR                                         sys-1/ref-3: Failed to send NETWORK_MESSAGE to shoot-1
10:49:12.285 ERR                                         sys-1/ref-3: Failed to send NETWORK_MESSAGE to shoot-2
10:49:12.286 ERR                                         sys-1/ref-3: Failed to send NETWORK_MESSAGE to shoot-3
10:49:12.286 ERR                                         sys-1/ref-3: Failed to send NETWORK_MESSAGE to shoot-1
10:49:12.286 ERR                                         sys-1/ref-3: Failed to send NETWORK_MESSAGE to shoot-2
10:49:12.286 ERR                                         sys-1/ref-3: Failed to send NETWORK_MESSAGE to shoot-3
10:49:12.286 ERR                                         sys-1/ref-3: Failed to send NETWORK_MESSAGE to shoot-1
10:49:12.286 ERR                                         sys-1/ref-3: Failed to send NETWORK_MESSAGE to shoot-2
10:49:12.286 ERR                                         sys-1/ref-3: Failed to send NETWORK_MESSAGE to shoot-3
10:49:12.287 ERR                                         sys-1/ref-3: Failed to send NETWORK_MESSAGE to shoot-1
10:49:12.287 ERR                                         sys-1/ref-3: Failed to send NETWORK_MESSAGE to shoot-2
10:49:12.287 ERR                                         sys-1/ref-3: Failed to send NETWORK_MESSAGE to shoot-3
10:49:12.287 ERR                                         sys-1/ref-3: Failed to send NETWORK_MESSAGE to shoot-3
10:49:12.288 ERR                                         sys-1/ref-3: Failed to send NETWORK_MESSAGE to shoot-1
10:49:12.288 ERR                                         sys-1/ref-3: Failed to send NETWORK_MESSAGE to shoot-2
10:49:12.288 ERR                                         sys-1/ref-3: Failed to send NETWORK_MESSAGE to shoot-3
10:49:12.288 ERR                                         sys-1/ref-3: Failed to send NETWORK_MESSAGE to shoot-1
10:49:12.288 ERR                                         sys-1/ref-3: Failed to send NETWORK_MESSAGE to shoot-2
10:49:12.288 ERR                                         sys-1/ref-3: Failed to send NETWORK_MESSAGE to shoot-1
10:49:12.289 ERR                                         sys-1/ref-3: Failed to send NETWORK_MESSAGE to shoot-2
10:49:12.289 ERR                                         sys-1/ref-3: Failed to send NETWORK_MESSAGE to shoot-3
10:49:12.289 ERR                                         sys-1/ref-3: Failed to send NETWORK_MESSAGE to shoot-3
10:49:12.289 ERR                                         sys-1/ref-3: Failed to send NETWORK_MESSAGE to shoot-1
10:49:12.289 ERR                                         sys-1/ref-3: Failed to send NETWORK_MESSAGE to shoot-2
10:49:12.290 ERR                                         sys-1/ref-3: Failed to send NETWORK_MESSAGE to shoot-2
10:49:12.290 ERR                                         sys-1/ref-3: Failed to send NETWORK_MESSAGE to shoot-3
10:49:12.290 ERR                                         sys-1/ref-3: Failed to send NETWORK_MESSAGE to shoot-1
10:49:12.290 ERR                                         sys-1/ref-3: Failed to send NETWORK_MESSAGE to shoot-1
10:49:12.290 ERR                                         sys-1/ref-3: Failed to send NETWORK_MESSAGE to shoot-2
10:49:12.291 ERR                                         sys-1/ref-3: Failed to send NETWORK_MESSAGE to shoot-3
10:49:12.291 ERR                                         sys-1/ref-3: Failed to send NETWORK_MESSAGE to shoot-1
10:49:12.291 ERR                                         sys-1/ref-3: Failed to send NETWORK_MESSAGE to shoot-2
10:49:12.291 ERR                                         sys-1/ref-3: Failed to send NETWORK_MESSAGE to shoot-3
10:49:12.292 ERR                                         sys-1/ref-3: Failed to send NETWORK_MESSAGE to shoot-3
10:49:12.292 ERR                                         sys-1/ref-3: Failed to send NETWORK_MESSAGE to shoot-1
10:49:12.292 ERR                                         sys-1/ref-3: Failed to send NETWORK_MESSAGE to shoot-2
10:49:12.292 ERR                                         sys-1/ref-3: Failed to send NETWORK_MESSAGE to shoot-3
10:49:12.292 ERR                                         sys-1/ref-3: Failed to send NETWORK_MESSAGE to shoot-1
10:49:12.293 ERR                                         sys-1/ref-3: Failed to send NETWORK_MESSAGE to shoot-2
10:49:12.293 ERR                                         sys-1/ref-3: Failed to send NETWORK_MESSAGE to shoot-1
10:49:12.293 ERR                                         sys-1/ref-3: Failed to send NETWORK_MESSAGE to shoot-2
10:49:12.293 ERR                                         sys-1/ref-3: Failed to send NETWORK_MESSAGE to shoot-3
10:49:12.295 ERR                                         sys-1/ref-3: Failed to send NETWORK_MESSAGE to shoot-1
10:49:12.295 ERR                                         sys-1/ref-3: Failed to send NETWORK_MESSAGE to shoot-2
10:49:12.296 ERR                                         sys-1/ref-3: Failed to send NETWORK_MESSAGE to shoot-3
10:49:12.296 ERR                                         sys-1/ref-3: Failed to send NETWORK_MESSAGE to shoot-2
10:49:12.296 ERR                                         sys-1/ref-3: Failed to send NETWORK_MESSAGE to shoot-3
10:49:12.296 ERR                                         sys-1/ref-3: Failed to send NETWORK_MESSAGE to shoot-1
10:49:12.297 ERR                                         sys-1/ref-3: Failed to send NETWORK_MESSAGE to shoot-2
10:49:12.297 ERR                                         sys-1/ref-3: Failed to send NETWORK_MESSAGE to shoot-3
10:49:12.297 ERR                                         sys-1/ref-3: Failed to send NETWORK_MESSAGE to shoot-1
10:49:12.297 ERR                                         sys-1/ref-3: Failed to send NETWORK_MESSAGE to shoot-1
10:49:12.297 ERR                                         sys-1/ref-3: Failed to send NETWORK_MESSAGE to shoot-2
10:49:12.298 ERR                                         sys-1/ref-3: Failed to send NETWORK_MESSAGE to shoot-3
10:49:12.298 ERR                                         sys-1/ref-3: Failed to send NETWORK_MESSAGE to shoot-1
10:49:12.298 ERR                                         sys-1/ref-3: Failed to send NETWORK_MESSAGE to shoot-2
10:49:12.298 ERR                                         sys-1/ref-3: Failed to send NETWORK_MESSAGE to shoot-3
10:49:12.298 ERR                                         sys-1/ref-3: Failed to send NETWORK_MESSAGE to shoot-1
10:49:12.298 ERR                                         sys-1/ref-3: Failed to send NETWORK_MESSAGE to shoot-2
10:49:12.299 ERR                                         sys-1/ref-3: Failed to send NETWORK_MESSAGE to shoot-3
10:49:12.299 ERR                                         sys-1/ref-3: Failed to send NETWORK_MESSAGE to shoot-3
10:49:12.299 ERR                                         sys-1/ref-3: Failed to send NETWORK_MESSAGE to shoot-1
10:49:12.299 ERR                                         sys-1/ref-3: Failed to send NETWORK_MESSAGE to shoot-2
10:49:12.299 ERR                                         sys-1/ref-3: Failed to send NETWORK_MESSAGE to shoot-1
10:49:12.300 ERR                                         sys-1/ref-3: Failed to send NETWORK_MESSAGE to shoot-2
10:49:12.300 ERR                                         sys-1/ref-3: Failed to send NETWORK_MESSAGE to shoot-3
10:49:12.300 ERR                                         sys-1/ref-3: Failed to send NETWORK_MESSAGE to shoot-1
10:49:12.300 ERR                                         sys-1/ref-3: Failed to send NETWORK_MESSAGE to shoot-2
10:49:12.300 ERR                                         sys-1/ref-3: Failed to send NETWORK_MESSAGE to shoot-3
10:49:12.300 ERR                                         sys-1/ref-3: Failed to send NETWORK_MESSAGE to shoot-1
10:49:12.301 ERR                                         sys-1/ref-3: Failed to send NETWORK_MESSAGE to shoot-2
10:49:12.301 ERR                                         sys-1/ref-3: Failed to send NETWORK_MESSAGE to shoot-3
10:49:12.301 ERR                                         sys-1/ref-3: Failed to send NETWORK_MESSAGE to shoot-2
10:49:12.301 ERR                                         sys-1/ref-3: Failed to send NETWORK_MESSAGE to shoot-3
10:49:12.301 ERR                                         sys-1/ref-3: Failed to send NETWORK_MESSAGE to shoot-1
10:49:12.301 ERR                                         sys-1/ref-3: Failed to send NETWORK_MESSAGE to shoot-2
10:49:12.302 ERR                                         sys-1/ref-3: Failed to send NETWORK_MESSAGE to shoot-3
10:49:12.302 ERR                                         sys-1/ref-3: Failed to send NETWORK_MESSAGE to shoot-1
10:49:12.302 ERR                                         sys-1/ref-3: Failed to send NETWORK_MESSAGE to shoot-3
10:49:12.302 ERR                                         sys-1/ref-3: Failed to send NETWORK_MESSAGE to shoot-1
10:49:12.302 ERR                                         sys-1/ref-3: Failed to send NETWORK_MESSAGE to shoot-2
10:49:12.303 ERR                                         sys-1/ref-3: Failed to send NETWORK_MESSAGE to shoot-1
10:49:12.303 ERR                                         sys-1/ref-3: Failed to send NETWORK_MESSAGE to shoot-2
10:49:12.303 ERR                                         sys-1/ref-3: Failed to send NETWORK_MESSAGE to shoot-3
10:49:12.303 ERR                                         sys-1/ref-3: Failed to send NETWORK_MESSAGE to shoot-3
10:49:12.303 ERR                                         sys-1/ref-3: Failed to send NETWORK_MESSAGE to shoot-1
10:49:12.304 ERR                                         sys-1/ref-3: Failed to send NETWORK_MESSAGE to shoot-2
10:49:12.304 ERR                                         sys-1/ref-3: Failed to send NETWORK_MESSAGE to shoot-2
10:49:12.304 ERR                                         sys-1/ref-3: Failed to send NETWORK_MESSAGE to shoot-3
10:49:12.304 ERR                                         sys-1/ref-3: Failed to send NETWORK_MESSAGE to shoot-1
10:49:12.304 ERR                                         sys-1/ref-3: Failed to send NETWORK_MESSAGE to shoot-2
10:49:12.304 ERR                                         sys-1/ref-3: Failed to send NETWORK_MESSAGE to shoot-3
10:49:12.305 ERR                                         sys-1/ref-3: Failed to send NETWORK_MESSAGE to shoot-1
10:49:12.305 ERR                                         sys-1/ref-3: Failed to send NETWORK_MESSAGE to shoot-2
10:49:12.305 ERR                                         sys-1/ref-3: Failed to send NETWORK_MESSAGE to shoot-3
10:49:12.305 ERR                                         sys-1/ref-3: Failed to send NETWORK_MESSAGE to shoot-1
10:49:12.306 ERR                                         sys-1/ref-3: Failed to send NETWORK_MESSAGE to shoot-1
10:49:12.306 ERR                                         sys-1/ref-3: Failed to send NETWORK_MESSAGE to shoot-2
10:49:12.306 ERR                                         sys-1/ref-3: Failed to send NETWORK_MESSAGE to shoot-3
10:49:12.306 ERR                                         sys-1/ref-3: Failed to send NETWORK_MESSAGE to shoot-1
10:49:12.306 ERR                                         sys-1/ref-3: Failed to send NETWORK_MESSAGE to shoot-2
10:49:12.307 ERR                                         sys-1/ref-3: Failed to send NETWORK_MESSAGE to shoot-3
10:49:12.307 ERR                                         sys-1/ref-3: Failed to send NETWORK_MESSAGE to shoot-1
10:49:12.307 ERR                                         sys-1/ref-3: Failed to send NETWORK_MESSAGE to shoot-2
10:49:12.307 ERR                                         sys-1/ref-3: Failed to send NETWORK_MESSAGE to shoot-3
10:49:12.307 ERR                                         sys-1/ref-3: Failed to send NETWORK_MESSAGE to shoot-2
10:49:12.307 ERR                                         sys-1/ref-3: Failed to send NETWORK_MESSAGE to shoot-3
10:49:12.308 ERR                                         sys-1/ref-3: Failed to send NETWORK_MESSAGE to shoot-1
10:49:12.308 ERR                                         sys-1/ref-3: Failed to send NETWORK_MESSAGE to shoot-1
10:49:12.308 ERR                                         sys-1/ref-3: Failed to send NETWORK_MESSAGE to shoot-2
10:49:12.308 ERR                                         sys-1/ref-3: Failed to send NETWORK_MESSAGE to shoot-3
10:49:12.309 ERR                                         sys-1/ref-3: Failed to send NETWORK_MESSAGE to shoot-1
10:49:12.309 ERR                                         sys-1/ref-3: Failed to send NETWORK_MESSAGE to shoot-2
10:49:12.309 ERR                                         sys-1/ref-3: Failed to send NETWORK_MESSAGE to shoot-3
10:49:12.309 ERR                                         sys-1/ref-3: Failed to send NETWORK_MESSAGE to shoot-3
10:49:12.309 ERR                                         sys-1/ref-3: Failed to send NETWORK_MESSAGE to shoot-1
10:49:12.309 ERR                                         sys-1/ref-3: Failed to send NETWORK_MESSAGE to shoot-2
10:49:12.310 ERR                                         sys-1/ref-3: Failed to send NETWORK_MESSAGE to shoot-3
10:49:12.310 ERR                                         sys-1/ref-3: Failed to send NETWORK_MESSAGE to shoot-1
10:49:12.310 ERR                                         sys-1/ref-3: Failed to send NETWORK_MESSAGE to shoot-2
10:49:12.310 ERR                                         sys-1/ref-3: Failed to send NETWORK_MESSAGE to shoot-3
10:49:12.310 ERR                                         sys-1/ref-3: Failed to send NETWORK_MESSAGE to shoot-1
10:49:12.311 ERR                                         sys-1/ref-3: Failed to send NETWORK_MESSAGE to shoot-2
10:49:12.311 ERR                                         sys-1/ref-3: Failed to send NETWORK_MESSAGE to shoot-1
10:49:12.311 ERR                                         sys-1/ref-3: Failed to send NETWORK_MESSAGE to shoot-2
10:49:12.311 ERR                                         sys-1/ref-3: Failed to send NETWORK_MESSAGE to shoot-3
10:49:12.311 ERR                                         sys-1/ref-3: Failed to send NETWORK_MESSAGE to shoot-2
10:49:12.311 ERR                                         sys-1/ref-3: Failed to send NETWORK_MESSAGE to shoot-3
10:49:12.312 ERR                                         sys-1/ref-3: Failed to send NETWORK_MESSAGE to shoot-1
10:49:12.312 ERR                                         sys-1/ref-3: Failed to send NETWORK_MESSAGE to shoot-2
10:49:12.312 ERR                                         sys-1/ref-3: Failed to send NETWORK_MESSAGE to shoot-3
10:49:12.312 ERR                                         sys-1/ref-3: Failed to send NETWORK_MESSAGE to shoot-1
10:49:12.312 ERR                                         sys-1/ref-3: Failed to send NETWORK_MESSAGE to shoot-2
10:49:12.313 ERR                                         sys-1/ref-3: Failed to send NETWORK_MESSAGE to shoot-3
10:49:12.313 ERR                                         sys-1/ref-3: Failed to send NETWORK_MESSAGE to shoot-1
10:49:12.313 ERR                                         sys-1/ref-3: Failed to send NETWORK_MESSAGE to shoot-3
10:49:12.313 ERR                                         sys-1/ref-3: Failed to send NETWORK_MESSAGE to shoot-1
10:49:12.313 ERR                                         sys-1/ref-3: Failed to send NETWORK_MESSAGE to shoot-2
10:49:12.314 ERR                                         sys-1/ref-3: Failed to send NETWORK_MESSAGE to shoot-2
10:49:12.314 ERR                                         sys-1/ref-3: Failed to send NETWORK_MESSAGE to shoot-3
10:49:12.314 ERR                                         sys-1/ref-3: Failed to send NETWORK_MESSAGE to shoot-1
